{
  "/home/stef/info/[DEVS]/5---Testez-une-application-full-stack/front/src/app/services/session.service.ts": {
    "path": "/home/stef/info/[DEVS]/5---Testez-une-application-full-stack/front/src/app/services/session.service.ts",
    "statementMap": {
      "0": {
        "start": {
          "line": 5,
          "column": 8
        },
        "end": {
          "line": 5,
          "column": 30
        }
      },
      "1": {
        "start": {
          "line": 6,
          "column": 8
        },
        "end": {
          "line": 6,
          "column": 66
        }
      },
      "2": {
        "start": {
          "line": 9,
          "column": 8
        },
        "end": {
          "line": 9,
          "column": 51
        }
      },
      "3": {
        "start": {
          "line": 12,
          "column": 8
        },
        "end": {
          "line": 12,
          "column": 39
        }
      },
      "4": {
        "start": {
          "line": 13,
          "column": 8
        },
        "end": {
          "line": 13,
          "column": 29
        }
      },
      "5": {
        "start": {
          "line": 14,
          "column": 8
        },
        "end": {
          "line": 14,
          "column": 20
        }
      },
      "6": {
        "start": {
          "line": 17,
          "column": 8
        },
        "end": {
          "line": 17,
          "column": 44
        }
      },
      "7": {
        "start": {
          "line": 18,
          "column": 8
        },
        "end": {
          "line": 18,
          "column": 30
        }
      },
      "8": {
        "start": {
          "line": 19,
          "column": 8
        },
        "end": {
          "line": 19,
          "column": 20
        }
      },
      "9": {
        "start": {
          "line": 22,
          "column": 8
        },
        "end": {
          "line": 22,
          "column": 49
        }
      },
      "10": {
        "start": {
          "line": 25,
          "column": 0
        },
        "end": {
          "line": 25,
          "column": 97
        }
      },
      "11": {
        "start": {
          "line": 25,
          "column": 59
        },
        "end": {
          "line": 25,
          "column": 94
        }
      },
      "12": {
        "start": {
          "line": 26,
          "column": 0
        },
        "end": {
          "line": 26,
          "column": 136
        }
      }
    },
    "fnMap": {
      "0": {
        "name": "(anonymous_0)",
        "decl": {
          "start": {
            "line": 4,
            "column": 4
          },
          "end": {
            "line": 4,
            "column": 5
          }
        },
        "loc": {
          "start": {
            "line": 4,
            "column": 18
          },
          "end": {
            "line": 7,
            "column": 5
          }
        },
        "line": 4
      },
      "1": {
        "name": "(anonymous_1)",
        "decl": {
          "start": {
            "line": 8,
            "column": 4
          },
          "end": {
            "line": 8,
            "column": 5
          }
        },
        "loc": {
          "start": {
            "line": 8,
            "column": 16
          },
          "end": {
            "line": 10,
            "column": 5
          }
        },
        "line": 8
      },
      "2": {
        "name": "(anonymous_2)",
        "decl": {
          "start": {
            "line": 11,
            "column": 4
          },
          "end": {
            "line": 11,
            "column": 5
          }
        },
        "loc": {
          "start": {
            "line": 11,
            "column": 16
          },
          "end": {
            "line": 15,
            "column": 5
          }
        },
        "line": 11
      },
      "3": {
        "name": "(anonymous_3)",
        "decl": {
          "start": {
            "line": 16,
            "column": 4
          },
          "end": {
            "line": 16,
            "column": 5
          }
        },
        "loc": {
          "start": {
            "line": 16,
            "column": 13
          },
          "end": {
            "line": 20,
            "column": 5
          }
        },
        "line": 16
      },
      "4": {
        "name": "(anonymous_4)",
        "decl": {
          "start": {
            "line": 21,
            "column": 4
          },
          "end": {
            "line": 21,
            "column": 5
          }
        },
        "loc": {
          "start": {
            "line": 21,
            "column": 11
          },
          "end": {
            "line": 23,
            "column": 5
          }
        },
        "line": 21
      },
      "5": {
        "name": "SessionService_Factory",
        "decl": {
          "start": {
            "line": 25,
            "column": 31
          },
          "end": {
            "line": 25,
            "column": 53
          }
        },
        "loc": {
          "start": {
            "line": 25,
            "column": 57
          },
          "end": {
            "line": 25,
            "column": 96
          }
        },
        "line": 25
      }
    },
    "branchMap": {
      "0": {
        "loc": {
          "start": {
            "line": 25,
            "column": 71
          },
          "end": {
            "line": 25,
            "column": 90
          }
        },
        "type": "binary-expr",
        "locations": [
          {
            "start": {
              "line": 25,
              "column": 71
            },
            "end": {
              "line": 25,
              "column": 72
            }
          },
          {
            "start": {
              "line": 25,
              "column": 76
            },
            "end": {
              "line": 25,
              "column": 90
            }
          }
        ],
        "line": 25
      }
    },
    "s": {
      "0": 26,
      "1": 26,
      "2": 3704,
      "3": 19,
      "4": 19,
      "5": 19,
      "6": 1,
      "7": 1,
      "8": 1,
      "9": 20,
      "10": 26,
      "11": 26,
      "12": 26
    },
    "f": {
      "0": 26,
      "1": 3704,
      "2": 19,
      "3": 1,
      "4": 20,
      "5": 26
    },
    "b": {
      "0": [
        26,
        26
      ]
    },
    "inputSourceMap": {
      "version": 3,
      "file": "session.service.js",
      "sourceRoot": "",
      "sources": [
        "/home/stef/info/[DEVS]/5---Testez-une-application-full-stack/front/src/app/services/session.service.ts"
      ],
      "names": [],
      "mappings": "AACA,OAAO,EAAE,eAAe,EAAc,MAAM,MAAM,CAAC;;AAMnD,MAAM,OAAO,cAAc;IAH3B;QAKS,aAAQ,GAAG,KAAK,CAAC;QAGhB,oBAAe,GAAG,IAAI,eAAe,CAAU,IAAI,CAAC,QAAQ,CAAC,CAAC;KAqBvE;IAnBQ,SAAS;QACd,OAAO,IAAI,CAAC,eAAe,CAAC,YAAY,EAAE,CAAC;IAC7C,CAAC;IAEM,KAAK,CAAC,IAAwB;QACnC,IAAI,CAAC,kBAAkB,GAAG,IAAI,CAAC;QAC/B,IAAI,CAAC,QAAQ,GAAG,IAAI,CAAC;QACrB,IAAI,CAAC,IAAI,EAAE,CAAC;IACd,CAAC;IAEM,MAAM;QACX,IAAI,CAAC,kBAAkB,GAAG,SAAS,CAAC;QACpC,IAAI,CAAC,QAAQ,GAAG,KAAK,CAAC;QACtB,IAAI,CAAC,IAAI,EAAE,CAAC;IACd,CAAC;IAEO,IAAI;QACV,IAAI,CAAC,eAAe,CAAC,IAAI,CAAC,IAAI,CAAC,QAAQ,CAAC,CAAC;IAC3C,CAAC;;4EAzBU,cAAc;oEAAd,cAAc,WAAd,cAAc,mBAFb,MAAM",
      "sourcesContent": [
        "import { Injectable } from '@angular/core';\nimport { BehaviorSubject, Observable } from 'rxjs';\nimport { SessionInformation } from '../interfaces/sessionInformation.interface';\n\n@Injectable({\n  providedIn: 'root'\n})\nexport class SessionService {\n\n  public isLogged = false;\n  public sessionInformation: SessionInformation | undefined;\n\n  private isLoggedSubject = new BehaviorSubject<boolean>(this.isLogged);\n\n  public $isLogged(): Observable<boolean> {\n    return this.isLoggedSubject.asObservable();\n  }\n\n  public logIn(user: SessionInformation): void {\n    this.sessionInformation = user;\n    this.isLogged = true;\n    this.next();\n  }\n\n  public logOut(): void {\n    this.sessionInformation = undefined;\n    this.isLogged = false;\n    this.next();\n  }\n\n  private next(): void {\n    this.isLoggedSubject.next(this.isLogged);\n  }\n}\n"
      ]
    },
    "_coverageSchema": "1a1c01bbd47fc00a2c39e90264f33305004495a9",
    "hash": "656eb7c8fa99644fc223e52d000a1f335daa0664"
  },
  "/home/stef/info/[DEVS]/5---Testez-une-application-full-stack/front/src/app/services/user.service.ts": {
    "path": "/home/stef/info/[DEVS]/5---Testez-une-application-full-stack/front/src/app/services/user.service.ts",
    "statementMap": {
      "0": {
        "start": {
          "line": 5,
          "column": 8
        },
        "end": {
          "line": 5,
          "column": 37
        }
      },
      "1": {
        "start": {
          "line": 6,
          "column": 8
        },
        "end": {
          "line": 6,
          "column": 60
        }
      },
      "2": {
        "start": {
          "line": 9,
          "column": 8
        },
        "end": {
          "line": 9,
          "column": 64
        }
      },
      "3": {
        "start": {
          "line": 12,
          "column": 8
        },
        "end": {
          "line": 12,
          "column": 67
        }
      },
      "4": {
        "start": {
          "line": 15,
          "column": 0
        },
        "end": {
          "line": 15,
          "column": 114
        }
      },
      "5": {
        "start": {
          "line": 15,
          "column": 53
        },
        "end": {
          "line": 15,
          "column": 111
        }
      },
      "6": {
        "start": {
          "line": 16,
          "column": 0
        },
        "end": {
          "line": 16,
          "column": 127
        }
      }
    },
    "fnMap": {
      "0": {
        "name": "(anonymous_0)",
        "decl": {
          "start": {
            "line": 4,
            "column": 4
          },
          "end": {
            "line": 4,
            "column": 5
          }
        },
        "loc": {
          "start": {
            "line": 4,
            "column": 28
          },
          "end": {
            "line": 7,
            "column": 5
          }
        },
        "line": 4
      },
      "1": {
        "name": "(anonymous_1)",
        "decl": {
          "start": {
            "line": 8,
            "column": 4
          },
          "end": {
            "line": 8,
            "column": 5
          }
        },
        "loc": {
          "start": {
            "line": 8,
            "column": 16
          },
          "end": {
            "line": 10,
            "column": 5
          }
        },
        "line": 8
      },
      "2": {
        "name": "(anonymous_2)",
        "decl": {
          "start": {
            "line": 11,
            "column": 4
          },
          "end": {
            "line": 11,
            "column": 5
          }
        },
        "loc": {
          "start": {
            "line": 11,
            "column": 15
          },
          "end": {
            "line": 13,
            "column": 5
          }
        },
        "line": 11
      },
      "3": {
        "name": "UserService_Factory",
        "decl": {
          "start": {
            "line": 15,
            "column": 28
          },
          "end": {
            "line": 15,
            "column": 47
          }
        },
        "loc": {
          "start": {
            "line": 15,
            "column": 51
          },
          "end": {
            "line": 15,
            "column": 113
          }
        },
        "line": 15
      }
    },
    "branchMap": {
      "0": {
        "loc": {
          "start": {
            "line": 15,
            "column": 65
          },
          "end": {
            "line": 15,
            "column": 81
          }
        },
        "type": "binary-expr",
        "locations": [
          {
            "start": {
              "line": 15,
              "column": 65
            },
            "end": {
              "line": 15,
              "column": 66
            }
          },
          {
            "start": {
              "line": 15,
              "column": 70
            },
            "end": {
              "line": 15,
              "column": 81
            }
          }
        ],
        "line": 15
      }
    },
    "s": {
      "0": 4,
      "1": 4,
      "2": 4,
      "3": 1,
      "4": 26,
      "5": 4,
      "6": 26
    },
    "f": {
      "0": 4,
      "1": 4,
      "2": 1,
      "3": 4
    },
    "b": {
      "0": [
        4,
        4
      ]
    },
    "inputSourceMap": {
      "version": 3,
      "file": "user.service.js",
      "sourceRoot": "",
      "sources": [
        "/home/stef/info/[DEVS]/5---Testez-une-application-full-stack/front/src/app/services/user.service.ts"
      ],
      "names": [],
      "mappings": ";;AAQA,MAAM,OAAO,WAAW;IAItB,YAAoB,UAAsB;QAAtB,eAAU,GAAV,UAAU,CAAY;QAFlC,gBAAW,GAAG,gCAAgC,CAAC;IAET,CAAC;IAExC,OAAO,CAAC,EAAU;QACvB,OAAO,IAAI,CAAC,UAAU,CAAC,GAAG,CAAO,GAAG,IAAI,CAAC,WAAW,IAAI,EAAE,EAAE,CAAC,CAAC;IAChE,CAAC;IAEM,MAAM,CAAC,EAAU;QACtB,OAAO,IAAI,CAAC,UAAU,CAAC,MAAM,CAAC,GAAG,IAAI,CAAC,WAAW,IAAI,EAAE,EAAE,CAAC,CAAC;IAC7D,CAAC;;sEAZU,WAAW;iEAAX,WAAW,WAAX,WAAW,mBAFV,MAAM",
      "sourcesContent": [
        "import { HttpClient } from '@angular/common/http';\nimport { Injectable } from '@angular/core';\nimport { Observable } from 'rxjs';\nimport { User } from '../interfaces/user.interface';\n\n@Injectable({\n  providedIn: 'root'\n})\nexport class UserService {\n\n  private pathService = 'http://localhost:8080/api/user';\n\n  constructor(private httpClient: HttpClient) { }\n\n  public getById(id: string): Observable<User> {\n    return this.httpClient.get<User>(`${this.pathService}/${id}`);\n  }\n\n  public delete(id: string): Observable<any> {\n    return this.httpClient.delete(`${this.pathService}/${id}`);\n  }\n}\n"
      ]
    },
    "_coverageSchema": "1a1c01bbd47fc00a2c39e90264f33305004495a9",
    "hash": "0bca03db35921d9cff8dd1bf1cbee2e9a4dc4c65"
  },
  "/home/stef/info/[DEVS]/5---Testez-une-application-full-stack/front/src/app/components/me/me.component.ts": {
    "path": "/home/stef/info/[DEVS]/5---Testez-une-application-full-stack/front/src/app/components/me/me.component.ts",
    "statementMap": {
      "0": {
        "start": {
          "line": 11,
          "column": 52
        },
        "end": {
          "line": 15,
          "column": 1
        }
      },
      "1": {
        "start": {
          "line": 12,
          "column": 4
        },
        "end": {
          "line": 12,
          "column": 33
        }
      },
      "2": {
        "start": {
          "line": 13,
          "column": 4
        },
        "end": {
          "line": 13,
          "column": 34
        }
      },
      "3": {
        "start": {
          "line": 14,
          "column": 4
        },
        "end": {
          "line": 14,
          "column": 22
        }
      },
      "4": {
        "start": {
          "line": 16,
          "column": 54
        },
        "end": {
          "line": 29,
          "column": 1
        }
      },
      "5": {
        "start": {
          "line": 17,
          "column": 16
        },
        "end": {
          "line": 17,
          "column": 37
        }
      },
      "6": {
        "start": {
          "line": 18,
          "column": 4
        },
        "end": {
          "line": 18,
          "column": 43
        }
      },
      "7": {
        "start": {
          "line": 19,
          "column": 4
        },
        "end": {
          "line": 19,
          "column": 39
        }
      },
      "8": {
        "start": {
          "line": 20,
          "column": 4
        },
        "end": {
          "line": 20,
          "column": 22
        }
      },
      "9": {
        "start": {
          "line": 21,
          "column": 4
        },
        "end": {
          "line": 21,
          "column": 39
        }
      },
      "10": {
        "start": {
          "line": 22,
          "column": 4
        },
        "end": {
          "line": 22,
          "column": 200
        }
      },
      "11": {
        "start": {
          "line": 22,
          "column": 98
        },
        "end": {
          "line": 22,
          "column": 120
        }
      },
      "12": {
        "start": {
          "line": 22,
          "column": 136
        },
        "end": {
          "line": 22,
          "column": 155
        }
      },
      "13": {
        "start": {
          "line": 22,
          "column": 157
        },
        "end": {
          "line": 22,
          "column": 196
        }
      },
      "14": {
        "start": {
          "line": 23,
          "column": 4
        },
        "end": {
          "line": 23,
          "column": 37
        }
      },
      "15": {
        "start": {
          "line": 24,
          "column": 4
        },
        "end": {
          "line": 24,
          "column": 27
        }
      },
      "16": {
        "start": {
          "line": 25,
          "column": 4
        },
        "end": {
          "line": 25,
          "column": 22
        }
      },
      "17": {
        "start": {
          "line": 26,
          "column": 4
        },
        "end": {
          "line": 26,
          "column": 37
        }
      },
      "18": {
        "start": {
          "line": 27,
          "column": 4
        },
        "end": {
          "line": 27,
          "column": 27
        }
      },
      "19": {
        "start": {
          "line": 28,
          "column": 4
        },
        "end": {
          "line": 28,
          "column": 26
        }
      },
      "20": {
        "start": {
          "line": 30,
          "column": 48
        },
        "end": {
          "line": 52,
          "column": 1
        }
      },
      "21": {
        "start": {
          "line": 31,
          "column": 4
        },
        "end": {
          "line": 31,
          "column": 43
        }
      },
      "22": {
        "start": {
          "line": 32,
          "column": 4
        },
        "end": {
          "line": 32,
          "column": 17
        }
      },
      "23": {
        "start": {
          "line": 33,
          "column": 4
        },
        "end": {
          "line": 33,
          "column": 30
        }
      },
      "24": {
        "start": {
          "line": 34,
          "column": 4
        },
        "end": {
          "line": 34,
          "column": 22
        }
      },
      "25": {
        "start": {
          "line": 35,
          "column": 4
        },
        "end": {
          "line": 35,
          "column": 30
        }
      },
      "26": {
        "start": {
          "line": 36,
          "column": 4
        },
        "end": {
          "line": 36,
          "column": 17
        }
      },
      "27": {
        "start": {
          "line": 37,
          "column": 4
        },
        "end": {
          "line": 37,
          "column": 22
        }
      },
      "28": {
        "start": {
          "line": 38,
          "column": 4
        },
        "end": {
          "line": 38,
          "column": 68
        }
      },
      "29": {
        "start": {
          "line": 39,
          "column": 4
        },
        "end": {
          "line": 39,
          "column": 72
        }
      },
      "30": {
        "start": {
          "line": 40,
          "column": 4
        },
        "end": {
          "line": 40,
          "column": 52
        }
      },
      "31": {
        "start": {
          "line": 41,
          "column": 4
        },
        "end": {
          "line": 41,
          "column": 33
        }
      },
      "32": {
        "start": {
          "line": 42,
          "column": 4
        },
        "end": {
          "line": 42,
          "column": 22
        }
      },
      "33": {
        "start": {
          "line": 43,
          "column": 4
        },
        "end": {
          "line": 43,
          "column": 18
        }
      },
      "34": {
        "start": {
          "line": 44,
          "column": 4
        },
        "end": {
          "line": 44,
          "column": 26
        }
      },
      "35": {
        "start": {
          "line": 45,
          "column": 4
        },
        "end": {
          "line": 45,
          "column": 22
        }
      },
      "36": {
        "start": {
          "line": 46,
          "column": 4
        },
        "end": {
          "line": 46,
          "column": 40
        }
      },
      "37": {
        "start": {
          "line": 47,
          "column": 4
        },
        "end": {
          "line": 47,
          "column": 35
        }
      },
      "38": {
        "start": {
          "line": 48,
          "column": 4
        },
        "end": {
          "line": 48,
          "column": 22
        }
      },
      "39": {
        "start": {
          "line": 49,
          "column": 4
        },
        "end": {
          "line": 49,
          "column": 18
        }
      },
      "40": {
        "start": {
          "line": 50,
          "column": 4
        },
        "end": {
          "line": 50,
          "column": 26
        }
      },
      "41": {
        "start": {
          "line": 51,
          "column": 4
        },
        "end": {
          "line": 51,
          "column": 26
        }
      },
      "42": {
        "start": {
          "line": 52,
          "column": 2
        },
        "end": {
          "line": 66,
          "column": 1
        }
      },
      "43": {
        "start": {
          "line": 53,
          "column": 19
        },
        "end": {
          "line": 53,
          "column": 37
        }
      },
      "44": {
        "start": {
          "line": 54,
          "column": 4
        },
        "end": {
          "line": 54,
          "column": 20
        }
      },
      "45": {
        "start": {
          "line": 55,
          "column": 4
        },
        "end": {
          "line": 55,
          "column": 112
        }
      },
      "46": {
        "start": {
          "line": 56,
          "column": 4
        },
        "end": {
          "line": 56,
          "column": 20
        }
      },
      "47": {
        "start": {
          "line": 57,
          "column": 4
        },
        "end": {
          "line": 57,
          "column": 60
        }
      },
      "48": {
        "start": {
          "line": 58,
          "column": 4
        },
        "end": {
          "line": 58,
          "column": 20
        }
      },
      "49": {
        "start": {
          "line": 59,
          "column": 4
        },
        "end": {
          "line": 59,
          "column": 45
        }
      },
      "50": {
        "start": {
          "line": 60,
          "column": 4
        },
        "end": {
          "line": 60,
          "column": 20
        }
      },
      "51": {
        "start": {
          "line": 61,
          "column": 4
        },
        "end": {
          "line": 61,
          "column": 46
        }
      },
      "52": {
        "start": {
          "line": 62,
          "column": 4
        },
        "end": {
          "line": 62,
          "column": 20
        }
      },
      "53": {
        "start": {
          "line": 63,
          "column": 4
        },
        "end": {
          "line": 63,
          "column": 93
        }
      },
      "54": {
        "start": {
          "line": 64,
          "column": 4
        },
        "end": {
          "line": 64,
          "column": 20
        }
      },
      "55": {
        "start": {
          "line": 65,
          "column": 4
        },
        "end": {
          "line": 65,
          "column": 94
        }
      },
      "56": {
        "start": {
          "line": 69,
          "column": 8
        },
        "end": {
          "line": 69,
          "column": 29
        }
      },
      "57": {
        "start": {
          "line": 70,
          "column": 8
        },
        "end": {
          "line": 70,
          "column": 45
        }
      },
      "58": {
        "start": {
          "line": 71,
          "column": 8
        },
        "end": {
          "line": 71,
          "column": 39
        }
      },
      "59": {
        "start": {
          "line": 72,
          "column": 8
        },
        "end": {
          "line": 72,
          "column": 39
        }
      },
      "60": {
        "start": {
          "line": 75,
          "column": 8
        },
        "end": {
          "line": 77,
          "column": 51
        }
      },
      "61": {
        "start": {
          "line": 77,
          "column": 33
        },
        "end": {
          "line": 77,
          "column": 49
        }
      },
      "62": {
        "start": {
          "line": 80,
          "column": 8
        },
        "end": {
          "line": 80,
          "column": 30
        }
      },
      "63": {
        "start": {
          "line": 83,
          "column": 8
        },
        "end": {
          "line": 89,
          "column": 11
        }
      },
      "64": {
        "start": {
          "line": 86,
          "column": 12
        },
        "end": {
          "line": 86,
          "column": 98
        }
      },
      "65": {
        "start": {
          "line": 87,
          "column": 12
        },
        "end": {
          "line": 87,
          "column": 41
        }
      },
      "66": {
        "start": {
          "line": 88,
          "column": 12
        },
        "end": {
          "line": 88,
          "column": 40
        }
      },
      "67": {
        "start": {
          "line": 92,
          "column": 0
        },
        "end": {
          "line": 92,
          "column": 236
        }
      },
      "68": {
        "start": {
          "line": 92,
          "column": 53
        },
        "end": {
          "line": 92,
          "column": 233
        }
      },
      "69": {
        "start": {
          "line": 93,
          "column": 0
        },
        "end": {
          "line": 108,
          "column": 373
        }
      },
      "70": {
        "start": {
          "line": 93,
          "column": 730
        },
        "end": {
          "line": 105,
          "column": 5
        }
      },
      "71": {
        "start": {
          "line": 94,
          "column": 8
        },
        "end": {
          "line": 94,
          "column": 104
        }
      },
      "72": {
        "start": {
          "line": 95,
          "column": 8
        },
        "end": {
          "line": 95,
          "column": 111
        }
      },
      "73": {
        "start": {
          "line": 95,
          "column": 89
        },
        "end": {
          "line": 95,
          "column": 107
        }
      },
      "74": {
        "start": {
          "line": 96,
          "column": 8
        },
        "end": {
          "line": 96,
          "column": 41
        }
      },
      "75": {
        "start": {
          "line": 97,
          "column": 8
        },
        "end": {
          "line": 97,
          "column": 35
        }
      },
      "76": {
        "start": {
          "line": 98,
          "column": 8
        },
        "end": {
          "line": 98,
          "column": 28
        }
      },
      "77": {
        "start": {
          "line": 99,
          "column": 8
        },
        "end": {
          "line": 99,
          "column": 35
        }
      },
      "78": {
        "start": {
          "line": 100,
          "column": 8
        },
        "end": {
          "line": 100,
          "column": 41
        }
      },
      "79": {
        "start": {
          "line": 101,
          "column": 8
        },
        "end": {
          "line": 101,
          "column": 30
        }
      },
      "80": {
        "start": {
          "line": 102,
          "column": 8
        },
        "end": {
          "line": 102,
          "column": 49
        }
      },
      "81": {
        "start": {
          "line": 103,
          "column": 8
        },
        "end": {
          "line": 103,
          "column": 73
        }
      },
      "82": {
        "start": {
          "line": 104,
          "column": 8
        },
        "end": {
          "line": 104,
          "column": 30
        }
      },
      "83": {
        "start": {
          "line": 105,
          "column": 6
        },
        "end": {
          "line": 108,
          "column": 5
        }
      },
      "84": {
        "start": {
          "line": 106,
          "column": 8
        },
        "end": {
          "line": 106,
          "column": 25
        }
      },
      "85": {
        "start": {
          "line": 107,
          "column": 8
        },
        "end": {
          "line": 107,
          "column": 40
        }
      }
    },
    "fnMap": {
      "0": {
        "name": "MeComponent_div_10_p_6_Template",
        "decl": {
          "start": {
            "line": 11,
            "column": 9
          },
          "end": {
            "line": 11,
            "column": 40
          }
        },
        "loc": {
          "start": {
            "line": 11,
            "column": 50
          },
          "end": {
            "line": 15,
            "column": 3
          }
        },
        "line": 11
      },
      "1": {
        "name": "MeComponent_div_10_div_7_Template",
        "decl": {
          "start": {
            "line": 16,
            "column": 9
          },
          "end": {
            "line": 16,
            "column": 42
          }
        },
        "loc": {
          "start": {
            "line": 16,
            "column": 52
          },
          "end": {
            "line": 29,
            "column": 3
          }
        },
        "line": 16
      },
      "2": {
        "name": "MeComponent_div_10_div_7_Template_button_click_3_listener",
        "decl": {
          "start": {
            "line": 22,
            "column": 36
          },
          "end": {
            "line": 22,
            "column": 93
          }
        },
        "loc": {
          "start": {
            "line": 22,
            "column": 96
          },
          "end": {
            "line": 22,
            "column": 198
          }
        },
        "line": 22
      },
      "3": {
        "name": "MeComponent_div_10_Template",
        "decl": {
          "start": {
            "line": 30,
            "column": 9
          },
          "end": {
            "line": 30,
            "column": 36
          }
        },
        "loc": {
          "start": {
            "line": 30,
            "column": 46
          },
          "end": {
            "line": 66,
            "column": 3
          }
        },
        "line": 30
      },
      "4": {
        "name": "(anonymous_4)",
        "decl": {
          "start": {
            "line": 68,
            "column": 4
          },
          "end": {
            "line": 68,
            "column": 5
          }
        },
        "loc": {
          "start": {
            "line": 68,
            "column": 66
          },
          "end": {
            "line": 73,
            "column": 5
          }
        },
        "line": 68
      },
      "5": {
        "name": "(anonymous_5)",
        "decl": {
          "start": {
            "line": 74,
            "column": 4
          },
          "end": {
            "line": 74,
            "column": 5
          }
        },
        "loc": {
          "start": {
            "line": 74,
            "column": 15
          },
          "end": {
            "line": 78,
            "column": 5
          }
        },
        "line": 74
      },
      "6": {
        "name": "(anonymous_6)",
        "decl": {
          "start": {
            "line": 77,
            "column": 23
          },
          "end": {
            "line": 77,
            "column": 24
          }
        },
        "loc": {
          "start": {
            "line": 77,
            "column": 33
          },
          "end": {
            "line": 77,
            "column": 49
          }
        },
        "line": 77
      },
      "7": {
        "name": "(anonymous_7)",
        "decl": {
          "start": {
            "line": 79,
            "column": 4
          },
          "end": {
            "line": 79,
            "column": 5
          }
        },
        "loc": {
          "start": {
            "line": 79,
            "column": 11
          },
          "end": {
            "line": 81,
            "column": 5
          }
        },
        "line": 79
      },
      "8": {
        "name": "(anonymous_8)",
        "decl": {
          "start": {
            "line": 82,
            "column": 4
          },
          "end": {
            "line": 82,
            "column": 5
          }
        },
        "loc": {
          "start": {
            "line": 82,
            "column": 13
          },
          "end": {
            "line": 90,
            "column": 5
          }
        },
        "line": 82
      },
      "9": {
        "name": "(anonymous_9)",
        "decl": {
          "start": {
            "line": 85,
            "column": 23
          },
          "end": {
            "line": 85,
            "column": 24
          }
        },
        "loc": {
          "start": {
            "line": 85,
            "column": 30
          },
          "end": {
            "line": 89,
            "column": 9
          }
        },
        "line": 85
      },
      "10": {
        "name": "MeComponent_Factory",
        "decl": {
          "start": {
            "line": 92,
            "column": 28
          },
          "end": {
            "line": 92,
            "column": 47
          }
        },
        "loc": {
          "start": {
            "line": 92,
            "column": 51
          },
          "end": {
            "line": 92,
            "column": 235
          }
        },
        "line": 92
      },
      "11": {
        "name": "MeComponent_Template",
        "decl": {
          "start": {
            "line": 93,
            "column": 698
          },
          "end": {
            "line": 93,
            "column": 718
          }
        },
        "loc": {
          "start": {
            "line": 93,
            "column": 728
          },
          "end": {
            "line": 108,
            "column": 7
          }
        },
        "line": 93
      },
      "12": {
        "name": "MeComponent_Template_button_click_4_listener",
        "decl": {
          "start": {
            "line": 95,
            "column": 40
          },
          "end": {
            "line": 95,
            "column": 84
          }
        },
        "loc": {
          "start": {
            "line": 95,
            "column": 87
          },
          "end": {
            "line": 95,
            "column": 109
          }
        },
        "line": 95
      }
    },
    "branchMap": {
      "0": {
        "loc": {
          "start": {
            "line": 11,
            "column": 52
          },
          "end": {
            "line": 15,
            "column": 1
          }
        },
        "type": "if",
        "locations": [
          {
            "start": {
              "line": 11,
              "column": 52
            },
            "end": {
              "line": 15,
              "column": 1
            }
          },
          {
            "start": {
              "line": 11,
              "column": 52
            },
            "end": {
              "line": 15,
              "column": 1
            }
          }
        ],
        "line": 11
      },
      "1": {
        "loc": {
          "start": {
            "line": 16,
            "column": 54
          },
          "end": {
            "line": 29,
            "column": 1
          }
        },
        "type": "if",
        "locations": [
          {
            "start": {
              "line": 16,
              "column": 54
            },
            "end": {
              "line": 29,
              "column": 1
            }
          },
          {
            "start": {
              "line": 16,
              "column": 54
            },
            "end": {
              "line": 29,
              "column": 1
            }
          }
        ],
        "line": 16
      },
      "2": {
        "loc": {
          "start": {
            "line": 30,
            "column": 48
          },
          "end": {
            "line": 52,
            "column": 1
          }
        },
        "type": "if",
        "locations": [
          {
            "start": {
              "line": 30,
              "column": 48
            },
            "end": {
              "line": 52,
              "column": 1
            }
          },
          {
            "start": {
              "line": 30,
              "column": 48
            },
            "end": {
              "line": 52,
              "column": 1
            }
          }
        ],
        "line": 30
      },
      "3": {
        "loc": {
          "start": {
            "line": 52,
            "column": 2
          },
          "end": {
            "line": 66,
            "column": 1
          }
        },
        "type": "if",
        "locations": [
          {
            "start": {
              "line": 52,
              "column": 2
            },
            "end": {
              "line": 66,
              "column": 1
            }
          },
          {
            "start": {
              "line": 52,
              "column": 2
            },
            "end": {
              "line": 66,
              "column": 1
            }
          }
        ],
        "line": 52
      },
      "4": {
        "loc": {
          "start": {
            "line": 92,
            "column": 65
          },
          "end": {
            "line": 92,
            "column": 81
          }
        },
        "type": "binary-expr",
        "locations": [
          {
            "start": {
              "line": 92,
              "column": 65
            },
            "end": {
              "line": 92,
              "column": 66
            }
          },
          {
            "start": {
              "line": 92,
              "column": 70
            },
            "end": {
              "line": 92,
              "column": 81
            }
          }
        ],
        "line": 92
      },
      "5": {
        "loc": {
          "start": {
            "line": 93,
            "column": 730
          },
          "end": {
            "line": 105,
            "column": 5
          }
        },
        "type": "if",
        "locations": [
          {
            "start": {
              "line": 93,
              "column": 730
            },
            "end": {
              "line": 105,
              "column": 5
            }
          },
          {
            "start": {
              "line": 93,
              "column": 730
            },
            "end": {
              "line": 105,
              "column": 5
            }
          }
        ],
        "line": 93
      },
      "6": {
        "loc": {
          "start": {
            "line": 105,
            "column": 6
          },
          "end": {
            "line": 108,
            "column": 5
          }
        },
        "type": "if",
        "locations": [
          {
            "start": {
              "line": 105,
              "column": 6
            },
            "end": {
              "line": 108,
              "column": 5
            }
          },
          {
            "start": {
              "line": 105,
              "column": 6
            },
            "end": {
              "line": 108,
              "column": 5
            }
          }
        ],
        "line": 105
      }
    },
    "s": {
      "0": 0,
      "1": 0,
      "2": 0,
      "3": 0,
      "4": 30,
      "5": 4,
      "6": 4,
      "7": 4,
      "8": 4,
      "9": 4,
      "10": 4,
      "11": 1,
      "12": 1,
      "13": 1,
      "14": 4,
      "15": 4,
      "16": 4,
      "17": 4,
      "18": 4,
      "19": 4,
      "20": 30,
      "21": 4,
      "22": 4,
      "23": 4,
      "24": 4,
      "25": 4,
      "26": 4,
      "27": 4,
      "28": 4,
      "29": 4,
      "30": 4,
      "31": 4,
      "32": 4,
      "33": 4,
      "34": 4,
      "35": 4,
      "36": 4,
      "37": 4,
      "38": 4,
      "39": 4,
      "40": 4,
      "41": 4,
      "42": 30,
      "43": 26,
      "44": 26,
      "45": 26,
      "46": 26,
      "47": 26,
      "48": 26,
      "49": 26,
      "50": 26,
      "51": 26,
      "52": 26,
      "53": 26,
      "54": 26,
      "55": 26,
      "56": 4,
      "57": 4,
      "58": 4,
      "59": 4,
      "60": 4,
      "61": 4,
      "62": 0,
      "63": 1,
      "64": 1,
      "65": 1,
      "66": 1,
      "67": 26,
      "68": 4,
      "69": 26,
      "70": 82,
      "71": 4,
      "72": 4,
      "73": 0,
      "74": 4,
      "75": 4,
      "76": 4,
      "77": 4,
      "78": 4,
      "79": 4,
      "80": 4,
      "81": 4,
      "82": 4,
      "83": 82,
      "84": 78,
      "85": 78
    },
    "f": {
      "0": 0,
      "1": 30,
      "2": 1,
      "3": 30,
      "4": 4,
      "5": 4,
      "6": 4,
      "7": 0,
      "8": 1,
      "9": 1,
      "10": 4,
      "11": 82,
      "12": 0
    },
    "b": {
      "0": [
        0,
        0
      ],
      "1": [
        4,
        26
      ],
      "2": [
        4,
        26
      ],
      "3": [
        26,
        4
      ],
      "4": [
        4,
        4
      ],
      "5": [
        4,
        78
      ],
      "6": [
        78,
        4
      ]
    },
    "inputSourceMap": {
      "version": 3,
      "file": "me.component.js",
      "sourceRoot": "",
      "sources": [
        "/home/stef/info/[DEVS]/5---Testez-une-application-full-stack/front/src/app/components/me/me.component.ts",
        "/home/stef/info/[DEVS]/5---Testez-une-application-full-stack/front/src/app/components/me/me.component.html"
      ],
      "names": [],
      "mappings": ";;;;;;;;;;;ICcQ,4BAAkC;IAAA,6BAAa;IAAA,iBAAI;;;;IACnD,8BAAqF,QAAA;IAChF,kCAAkB;IAAA,iBAAI;IACzB,kCAA0D;IAAnB,gKAAS,eAAA,eAAQ,CAAA,IAAC;IACvD,gCAAU;IAAA,sBAAM;IAAA,iBAAW;IAC3B,gCAAkB;IAAA,sBAAM;IAAA,iBAAO,EAAA,EAAA;;;IARrC,8BAAiE,QAAA;IAC5D,YAA0D;;IAAA,iBAAI;IACjE,yBAAG;IAAA,YAAuB;IAAA,iBAAI;IAC9B,+DAAmD;IACnD,mEAMM;IACN,8BAA0D,QAAA,SAAA;IAElD,4BAAW;IAAA,iBAAI;IAAC,aAAsC;;IAAA,iBAAI;IAChE,0BAAG,SAAA;IAAG,8BAAa;IAAA,iBAAI;IAAC,aAAqC;;IAAA,iBAAI,EAAA,EAAA;;;IAbhE,eAA0D;IAA1D,2GAA0D;IAC1D,eAAuB;IAAvB,uDAAuB;IACtB,eAAgB;IAAhB,wCAAgB;IACd,eAAiB;IAAjB,yCAAiB;IASC,eAAsC;IAAtC,wFAAsC;IACpC,eAAqC;IAArC,yFAAqC;;ADZvE,MAAM,OAAO,WAAW;IAItB,YAAoB,MAAc,EACd,cAA8B,EAC9B,WAAwB,EACxB,WAAwB;QAHxB,WAAM,GAAN,MAAM,CAAQ;QACd,mBAAc,GAAd,cAAc,CAAgB;QAC9B,gBAAW,GAAX,WAAW,CAAa;QACxB,gBAAW,GAAX,WAAW,CAAa;IAC5C,CAAC;IAEM,QAAQ;QACb,IAAI,CAAC,WAAW;aACb,OAAO,CAAC,IAAI,CAAC,cAAc,CAAC,kBAAmB,CAAC,EAAE,CAAC,QAAQ,EAAE,CAAC;aAC9D,SAAS,CAAC,CAAC,IAAU,EAAE,EAAE,CAAC,IAAI,CAAC,IAAI,GAAG,IAAI,CAAC,CAAC;IACjD,CAAC;IAEM,IAAI;QACT,MAAM,CAAC,OAAO,CAAC,IAAI,EAAE,CAAC;IACxB,CAAC;IAEM,MAAM;QACX,IAAI,CAAC,WAAW;aACb,MAAM,CAAC,IAAI,CAAC,cAAc,CAAC,kBAAmB,CAAC,EAAE,CAAC,QAAQ,EAAE,CAAC;aAC7D,SAAS,CAAC,CAAC,CAAC,EAAE,EAAE;YACf,IAAI,CAAC,WAAW,CAAC,IAAI,CAAC,iCAAiC,EAAE,OAAO,EAAE,EAAE,QAAQ,EAAE,IAAI,EAAE,CAAC,CAAC;YACtF,IAAI,CAAC,cAAc,CAAC,MAAM,EAAE,CAAC;YAC7B,IAAI,CAAC,MAAM,CAAC,QAAQ,CAAC,CAAC,GAAG,CAAC,CAAC,CAAC;QAC9B,CAAC,CAAC,CAAA;IACN,CAAC;;sEA5BU,WAAW;8DAAX,WAAW;QCbxB,8BAAgB,eAAA,qBAAA,aAAA,gBAAA;QAIgB,wFAAS,UAAM,IAAC;QACtC,gCAAU;QAAA,0BAAU;QAAA,iBAAW,EAAA;QAEjC,0BAAI;QAAA,gCAAgB;QAAA,iBAAK,EAAA,EAAA;QAG7B,wCAAkB;QAChB,gEAgBM;QACR,iBAAmB,EAAA,EAAA;;QAjBX,gBAAU;QAAV,+BAAU",
      "sourcesContent": [
        "import { Component, OnInit } from '@angular/core';\nimport { MatSnackBar } from '@angular/material/snack-bar';\nimport { Router } from '@angular/router';\nimport { User } from '../../interfaces/user.interface';\nimport { SessionService } from '../../services/session.service';\nimport { UserService } from '../../services/user.service';\n\n\n@Component({\n  selector: 'app-me',\n  templateUrl: './me.component.html',\n  styleUrls: ['./me.component.scss']\n})\nexport class MeComponent implements OnInit {\n\n  public user: User | undefined;\n\n  constructor(private router: Router,\n              private sessionService: SessionService,\n              private matSnackBar: MatSnackBar,\n              private userService: UserService) {\n  }\n\n  public ngOnInit(): void {\n    this.userService\n      .getById(this.sessionService.sessionInformation!.id.toString())\n      .subscribe((user: User) => this.user = user);\n  }\n\n  public back(): void {\n    window.history.back();\n  }\n\n  public delete(): void {\n    this.userService\n      .delete(this.sessionService.sessionInformation!.id.toString())\n      .subscribe((_) => {\n        this.matSnackBar.open(\"Your account has been deleted !\", 'Close', { duration: 3000 });\n        this.sessionService.logOut();\n        this.router.navigate(['/']);\n      })\n  }\n\n}\n",
        "<div class=\"m3\">\n  <mat-card>\n    <mat-card-title>\n      <div fxLayout=\"row\" fxLayoutAlign=\"start center\">\n        <button mat-icon-button (click)=\"back()\">\n          <mat-icon>arrow_back</mat-icon>\n        </button>\n        <h1>User information</h1>\n      </div>\n    </mat-card-title>\n    <mat-card-content>\n      <div *ngIf=\"user\" fxLayout=\"column\" fxLayoutAlign=\"start center\">\n        <p>Name: {{ user.firstName }} {{ user.lastName | uppercase }}</p>\n        <p>Email: {{ user.email }}</p>\n        <p *ngIf=\"user.admin\" class=\"my2\">You are admin</p>\n        <div *ngIf=\"!user.admin\" fxLayout=\"column\" class=\"my2\" fxLayoutAlign=\"center center\">\n          <p>Delete my account:</p>\n          <button mat-raised-button color=\"warn\" (click)=\"delete()\">\n            <mat-icon>delete</mat-icon>\n            <span class=\"ml1\">Detail</span>\n          </button>\n        </div>\n        <div fxLayoutAlign=\"space-between center\" class=\"p2 w100\">\n\n          <p><i>Create at: </i> {{ user.createdAt | date: 'longDate'}}</p>\n          <p><i>Last update: </i> {{ user.updatedAt| date: 'longDate'}}</p>\n        </div>\n      </div>\n    </mat-card-content>\n  </mat-card>\n</div>\n"
      ]
    },
    "_coverageSchema": "1a1c01bbd47fc00a2c39e90264f33305004495a9",
    "hash": "135519a4cbef1c2c056e01a68a1a2866128a8330"
  },
  "/home/stef/info/[DEVS]/5---Testez-une-application-full-stack/front/src/app/components/not-found/not-found.component.ts": {
    "path": "/home/stef/info/[DEVS]/5---Testez-une-application-full-stack/front/src/app/components/not-found/not-found.component.ts",
    "statementMap": {
      "0": {
        "start": {
          "line": 4,
          "column": 0
        },
        "end": {
          "line": 4,
          "column": 106
        }
      },
      "1": {
        "start": {
          "line": 4,
          "column": 65
        },
        "end": {
          "line": 4,
          "column": 103
        }
      },
      "2": {
        "start": {
          "line": 5,
          "column": 0
        },
        "end": {
          "line": 9,
          "column": 603
        }
      },
      "3": {
        "start": {
          "line": 5,
          "column": 243
        },
        "end": {
          "line": 9,
          "column": 5
        }
      },
      "4": {
        "start": {
          "line": 6,
          "column": 8
        },
        "end": {
          "line": 6,
          "column": 48
        }
      },
      "5": {
        "start": {
          "line": 7,
          "column": 8
        },
        "end": {
          "line": 7,
          "column": 41
        }
      },
      "6": {
        "start": {
          "line": 8,
          "column": 8
        },
        "end": {
          "line": 8,
          "column": 28
        }
      }
    },
    "fnMap": {
      "0": {
        "name": "NotFoundComponent_Factory",
        "decl": {
          "start": {
            "line": 4,
            "column": 34
          },
          "end": {
            "line": 4,
            "column": 59
          }
        },
        "loc": {
          "start": {
            "line": 4,
            "column": 63
          },
          "end": {
            "line": 4,
            "column": 105
          }
        },
        "line": 4
      },
      "1": {
        "name": "NotFoundComponent_Template",
        "decl": {
          "start": {
            "line": 5,
            "column": 205
          },
          "end": {
            "line": 5,
            "column": 231
          }
        },
        "loc": {
          "start": {
            "line": 5,
            "column": 241
          },
          "end": {
            "line": 9,
            "column": 7
          }
        },
        "line": 5
      }
    },
    "branchMap": {
      "0": {
        "loc": {
          "start": {
            "line": 4,
            "column": 77
          },
          "end": {
            "line": 4,
            "column": 99
          }
        },
        "type": "binary-expr",
        "locations": [
          {
            "start": {
              "line": 4,
              "column": 77
            },
            "end": {
              "line": 4,
              "column": 78
            }
          },
          {
            "start": {
              "line": 4,
              "column": 82
            },
            "end": {
              "line": 4,
              "column": 99
            }
          }
        ],
        "line": 4
      },
      "1": {
        "loc": {
          "start": {
            "line": 5,
            "column": 243
          },
          "end": {
            "line": 9,
            "column": 5
          }
        },
        "type": "if",
        "locations": [
          {
            "start": {
              "line": 5,
              "column": 243
            },
            "end": {
              "line": 9,
              "column": 5
            }
          },
          {
            "start": {
              "line": 5,
              "column": 243
            },
            "end": {
              "line": 9,
              "column": 5
            }
          }
        ],
        "line": 5
      }
    },
    "s": {
      "0": 26,
      "1": 1,
      "2": 26,
      "3": 5,
      "4": 1,
      "5": 1,
      "6": 1
    },
    "f": {
      "0": 1,
      "1": 5
    },
    "b": {
      "0": [
        1,
        1
      ],
      "1": [
        1,
        4
      ]
    },
    "inputSourceMap": {
      "version": 3,
      "file": "not-found.component.js",
      "sourceRoot": "",
      "sources": [
        "/home/stef/info/[DEVS]/5---Testez-une-application-full-stack/front/src/app/components/not-found/not-found.component.ts",
        "/home/stef/info/[DEVS]/5---Testez-une-application-full-stack/front/src/app/components/not-found/not-found.component.html"
      ],
      "names": [],
      "mappings": ";AAOA,MAAM,OAAO,iBAAiB;;kFAAjB,iBAAiB;oEAAjB,iBAAiB;QCP9B,8BAAqC,SAAA;QACzB,gCAAgB;QAAA,iBAAK,EAAA",
      "sourcesContent": [
        "import { Component } from '@angular/core';\n\n@Component({\n  selector: 'app-not-found',\n  templateUrl: './not-found.component.html',\n  styleUrls: ['./not-found.component.scss']\n})\nexport class NotFoundComponent {\n}\n",
        "<div class=\"flex justify-center mt3\">\n        <h1>Page not found !</h1>\n</div>"
      ]
    },
    "_coverageSchema": "1a1c01bbd47fc00a2c39e90264f33305004495a9",
    "hash": "42d2b573dbc90d7bd57bd948ad767d3abec17687"
  },
  "/home/stef/info/[DEVS]/5---Testez-une-application-full-stack/front/src/app/guards/auth.guard.ts": {
    "path": "/home/stef/info/[DEVS]/5---Testez-une-application-full-stack/front/src/app/guards/auth.guard.ts",
    "statementMap": {
      "0": {
        "start": {
          "line": 7,
          "column": 8
        },
        "end": {
          "line": 7,
          "column": 29
        }
      },
      "1": {
        "start": {
          "line": 8,
          "column": 8
        },
        "end": {
          "line": 8,
          "column": 45
        }
      },
      "2": {
        "start": {
          "line": 11,
          "column": 8
        },
        "end": {
          "line": 14,
          "column": 9
        }
      },
      "3": {
        "start": {
          "line": 12,
          "column": 12
        },
        "end": {
          "line": 12,
          "column": 44
        }
      },
      "4": {
        "start": {
          "line": 13,
          "column": 12
        },
        "end": {
          "line": 13,
          "column": 25
        }
      },
      "5": {
        "start": {
          "line": 15,
          "column": 8
        },
        "end": {
          "line": 15,
          "column": 20
        }
      },
      "6": {
        "start": {
          "line": 18,
          "column": 0
        },
        "end": {
          "line": 18,
          "column": 136
        }
      },
      "7": {
        "start": {
          "line": 18,
          "column": 49
        },
        "end": {
          "line": 18,
          "column": 133
        }
      },
      "8": {
        "start": {
          "line": 19,
          "column": 0
        },
        "end": {
          "line": 19,
          "column": 121
        }
      }
    },
    "fnMap": {
      "0": {
        "name": "(anonymous_0)",
        "decl": {
          "start": {
            "line": 6,
            "column": 4
          },
          "end": {
            "line": 6,
            "column": 5
          }
        },
        "loc": {
          "start": {
            "line": 6,
            "column": 40
          },
          "end": {
            "line": 9,
            "column": 5
          }
        },
        "line": 6
      },
      "1": {
        "name": "(anonymous_1)",
        "decl": {
          "start": {
            "line": 10,
            "column": 4
          },
          "end": {
            "line": 10,
            "column": 5
          }
        },
        "loc": {
          "start": {
            "line": 10,
            "column": 18
          },
          "end": {
            "line": 16,
            "column": 5
          }
        },
        "line": 10
      },
      "2": {
        "name": "AuthGuard_Factory",
        "decl": {
          "start": {
            "line": 18,
            "column": 26
          },
          "end": {
            "line": 18,
            "column": 43
          }
        },
        "loc": {
          "start": {
            "line": 18,
            "column": 47
          },
          "end": {
            "line": 18,
            "column": 135
          }
        },
        "line": 18
      }
    },
    "branchMap": {
      "0": {
        "loc": {
          "start": {
            "line": 11,
            "column": 8
          },
          "end": {
            "line": 14,
            "column": 9
          }
        },
        "type": "if",
        "locations": [
          {
            "start": {
              "line": 11,
              "column": 8
            },
            "end": {
              "line": 14,
              "column": 9
            }
          },
          {
            "start": {
              "line": 11,
              "column": 8
            },
            "end": {
              "line": 14,
              "column": 9
            }
          }
        ],
        "line": 11
      },
      "1": {
        "loc": {
          "start": {
            "line": 18,
            "column": 61
          },
          "end": {
            "line": 18,
            "column": 75
          }
        },
        "type": "binary-expr",
        "locations": [
          {
            "start": {
              "line": 18,
              "column": 61
            },
            "end": {
              "line": 18,
              "column": 62
            }
          },
          {
            "start": {
              "line": 18,
              "column": 66
            },
            "end": {
              "line": 18,
              "column": 75
            }
          }
        ],
        "line": 18
      }
    },
    "s": {
      "0": 21,
      "1": 21,
      "2": 22,
      "3": 2,
      "4": 2,
      "5": 20,
      "6": 26,
      "7": 21,
      "8": 26
    },
    "f": {
      "0": 21,
      "1": 22,
      "2": 21
    },
    "b": {
      "0": [
        2,
        20
      ],
      "1": [
        21,
        21
      ]
    },
    "inputSourceMap": {
      "version": 3,
      "file": "auth.guard.js",
      "sourceRoot": "",
      "sources": [
        "/home/stef/info/[DEVS]/5---Testez-une-application-full-stack/front/src/app/guards/auth.guard.ts"
      ],
      "names": [],
      "mappings": "AACA,OAAO,EAAc,MAAM,EAAC,MAAM,iBAAiB,CAAC;;;;AAIpD,MAAM,OAAO,SAAS;IAEpB,YACU,MAAc,EACd,cAA8B;QAD9B,WAAM,GAAN,MAAM,CAAQ;QACd,mBAAc,GAAd,cAAc,CAAgB;IAExC,CAAC;IAEM,WAAW;QAChB,IAAI,CAAC,IAAI,CAAC,cAAc,CAAC,QAAQ,EAAE;YACjC,IAAI,CAAC,MAAM,CAAC,QAAQ,CAAC,CAAC,OAAO,CAAC,CAAC,CAAC;YAChC,OAAO,KAAK,CAAC;SACd;QACD,OAAO,IAAI,CAAC;IACd,CAAC;;kEAdU,SAAS;+DAAT,SAAS,WAAT,SAAS,mBADG,MAAM",
      "sourcesContent": [
        "import {Injectable} from \"@angular/core\";\nimport {CanActivate, Router} from \"@angular/router\"; \nimport { SessionService } from \"../services/session.service\";\n\n@Injectable({providedIn: 'root'})\nexport class AuthGuard implements CanActivate {\n\n  constructor( \n    private router: Router,\n    private sessionService: SessionService,\n  ) {\n  }\n\n  public canActivate(): boolean {\n    if (!this.sessionService.isLogged) {\n      this.router.navigate(['login']);\n      return false;\n    }\n    return true;\n  }\n}"
      ]
    },
    "_coverageSchema": "1a1c01bbd47fc00a2c39e90264f33305004495a9",
    "hash": "a2b8d243512ba2894efe72bfac0bd5e013da02e9"
  },
  "/home/stef/info/[DEVS]/5---Testez-une-application-full-stack/front/src/app/guards/unauth.guard.ts": {
    "path": "/home/stef/info/[DEVS]/5---Testez-une-application-full-stack/front/src/app/guards/unauth.guard.ts",
    "statementMap": {
      "0": {
        "start": {
          "line": 7,
          "column": 8
        },
        "end": {
          "line": 7,
          "column": 29
        }
      },
      "1": {
        "start": {
          "line": 8,
          "column": 8
        },
        "end": {
          "line": 8,
          "column": 45
        }
      },
      "2": {
        "start": {
          "line": 11,
          "column": 8
        },
        "end": {
          "line": 14,
          "column": 9
        }
      },
      "3": {
        "start": {
          "line": 12,
          "column": 12
        },
        "end": {
          "line": 12,
          "column": 46
        }
      },
      "4": {
        "start": {
          "line": 13,
          "column": 12
        },
        "end": {
          "line": 13,
          "column": 25
        }
      },
      "5": {
        "start": {
          "line": 15,
          "column": 8
        },
        "end": {
          "line": 15,
          "column": 20
        }
      },
      "6": {
        "start": {
          "line": 18,
          "column": 0
        },
        "end": {
          "line": 18,
          "column": 142
        }
      },
      "7": {
        "start": {
          "line": 18,
          "column": 53
        },
        "end": {
          "line": 18,
          "column": 139
        }
      },
      "8": {
        "start": {
          "line": 19,
          "column": 0
        },
        "end": {
          "line": 19,
          "column": 127
        }
      }
    },
    "fnMap": {
      "0": {
        "name": "(anonymous_0)",
        "decl": {
          "start": {
            "line": 6,
            "column": 4
          },
          "end": {
            "line": 6,
            "column": 5
          }
        },
        "loc": {
          "start": {
            "line": 6,
            "column": 40
          },
          "end": {
            "line": 9,
            "column": 5
          }
        },
        "line": 6
      },
      "1": {
        "name": "(anonymous_1)",
        "decl": {
          "start": {
            "line": 10,
            "column": 4
          },
          "end": {
            "line": 10,
            "column": 5
          }
        },
        "loc": {
          "start": {
            "line": 10,
            "column": 18
          },
          "end": {
            "line": 16,
            "column": 5
          }
        },
        "line": 10
      },
      "2": {
        "name": "UnauthGuard_Factory",
        "decl": {
          "start": {
            "line": 18,
            "column": 28
          },
          "end": {
            "line": 18,
            "column": 47
          }
        },
        "loc": {
          "start": {
            "line": 18,
            "column": 51
          },
          "end": {
            "line": 18,
            "column": 141
          }
        },
        "line": 18
      }
    },
    "branchMap": {
      "0": {
        "loc": {
          "start": {
            "line": 11,
            "column": 8
          },
          "end": {
            "line": 14,
            "column": 9
          }
        },
        "type": "if",
        "locations": [
          {
            "start": {
              "line": 11,
              "column": 8
            },
            "end": {
              "line": 14,
              "column": 9
            }
          },
          {
            "start": {
              "line": 11,
              "column": 8
            },
            "end": {
              "line": 14,
              "column": 9
            }
          }
        ],
        "line": 11
      },
      "1": {
        "loc": {
          "start": {
            "line": 18,
            "column": 65
          },
          "end": {
            "line": 18,
            "column": 81
          }
        },
        "type": "binary-expr",
        "locations": [
          {
            "start": {
              "line": 18,
              "column": 65
            },
            "end": {
              "line": 18,
              "column": 66
            }
          },
          {
            "start": {
              "line": 18,
              "column": 70
            },
            "end": {
              "line": 18,
              "column": 81
            }
          }
        ],
        "line": 18
      }
    },
    "s": {
      "0": 25,
      "1": 25,
      "2": 26,
      "3": 0,
      "4": 0,
      "5": 26,
      "6": 26,
      "7": 25,
      "8": 26
    },
    "f": {
      "0": 25,
      "1": 26,
      "2": 25
    },
    "b": {
      "0": [
        0,
        26
      ],
      "1": [
        25,
        25
      ]
    },
    "inputSourceMap": {
      "version": 3,
      "file": "unauth.guard.js",
      "sourceRoot": "",
      "sources": [
        "/home/stef/info/[DEVS]/5---Testez-une-application-full-stack/front/src/app/guards/unauth.guard.ts"
      ],
      "names": [],
      "mappings": "AACA,OAAO,EAAc,MAAM,EAAC,MAAM,iBAAiB,CAAC;;;;AAIpD,MAAM,OAAO,WAAW;IAEtB,YACU,MAAc,EACd,cAA8B;QAD9B,WAAM,GAAN,MAAM,CAAQ;QACd,mBAAc,GAAd,cAAc,CAAgB;IAExC,CAAC;IAEM,WAAW;QAChB,IAAI,IAAI,CAAC,cAAc,CAAC,QAAQ,EAAE;YAChC,IAAI,CAAC,MAAM,CAAC,QAAQ,CAAC,CAAC,SAAS,CAAC,CAAC,CAAC;YAClC,OAAO,KAAK,CAAC;SACd;QACD,OAAO,IAAI,CAAC;IACd,CAAC;;sEAdU,WAAW;iEAAX,WAAW,WAAX,WAAW,mBADC,MAAM",
      "sourcesContent": [
        "import {Injectable} from \"@angular/core\";\nimport {CanActivate, Router} from \"@angular/router\"; \nimport { SessionService } from \"../services/session.service\";\n\n@Injectable({providedIn: 'root'})\nexport class UnauthGuard implements CanActivate {\n\n  constructor( \n    private router: Router,\n    private sessionService: SessionService,\n  ) {\n  }\n\n  public canActivate(): boolean {\n    if (this.sessionService.isLogged) {\n      this.router.navigate(['rentals']);\n      return false;\n    }\n    return true;\n  }\n}"
      ]
    },
    "_coverageSchema": "1a1c01bbd47fc00a2c39e90264f33305004495a9",
    "hash": "5fa2c3813496f8afdfc290920b72e4f474d29246"
  },
  "/home/stef/info/[DEVS]/5---Testez-une-application-full-stack/front/src/app/app-routing.module.ts": {
    "path": "/home/stef/info/[DEVS]/5---Testez-une-application-full-stack/front/src/app/app-routing.module.ts",
    "statementMap": {
      "0": {
        "start": {
          "line": 8,
          "column": 15
        },
        "end": {
          "line": 26,
          "column": 1
        }
      },
      "1": {
        "start": {
          "line": 12,
          "column": 28
        },
        "end": {
          "line": 12,
          "column": 89
        }
      },
      "2": {
        "start": {
          "line": 12,
          "column": 76
        },
        "end": {
          "line": 12,
          "column": 88
        }
      },
      "3": {
        "start": {
          "line": 17,
          "column": 28
        },
        "end": {
          "line": 17,
          "column": 101
        }
      },
      "4": {
        "start": {
          "line": 17,
          "column": 84
        },
        "end": {
          "line": 17,
          "column": 100
        }
      },
      "5": {
        "start": {
          "line": 29,
          "column": 0
        },
        "end": {
          "line": 29,
          "column": 103
        }
      },
      "6": {
        "start": {
          "line": 29,
          "column": 63
        },
        "end": {
          "line": 29,
          "column": 100
        }
      },
      "7": {
        "start": {
          "line": 30,
          "column": 0
        },
        "end": {
          "line": 30,
          "column": 86
        }
      },
      "8": {
        "start": {
          "line": 31,
          "column": 0
        },
        "end": {
          "line": 31,
          "column": 117
        }
      },
      "9": {
        "start": {
          "line": 32,
          "column": 0
        },
        "end": {
          "line": 32,
          "column": 169
        }
      },
      "10": {
        "start": {
          "line": 32,
          "column": 15
        },
        "end": {
          "line": 32,
          "column": 163
        }
      }
    },
    "fnMap": {
      "0": {
        "name": "(anonymous_0)",
        "decl": {
          "start": {
            "line": 12,
            "column": 22
          },
          "end": {
            "line": 12,
            "column": 23
          }
        },
        "loc": {
          "start": {
            "line": 12,
            "column": 28
          },
          "end": {
            "line": 12,
            "column": 89
          }
        },
        "line": 12
      },
      "1": {
        "name": "(anonymous_1)",
        "decl": {
          "start": {
            "line": 12,
            "column": 71
          },
          "end": {
            "line": 12,
            "column": 72
          }
        },
        "loc": {
          "start": {
            "line": 12,
            "column": 76
          },
          "end": {
            "line": 12,
            "column": 88
          }
        },
        "line": 12
      },
      "2": {
        "name": "(anonymous_2)",
        "decl": {
          "start": {
            "line": 17,
            "column": 22
          },
          "end": {
            "line": 17,
            "column": 23
          }
        },
        "loc": {
          "start": {
            "line": 17,
            "column": 28
          },
          "end": {
            "line": 17,
            "column": 101
          }
        },
        "line": 17
      },
      "3": {
        "name": "(anonymous_3)",
        "decl": {
          "start": {
            "line": 17,
            "column": 79
          },
          "end": {
            "line": 17,
            "column": 80
          }
        },
        "loc": {
          "start": {
            "line": 17,
            "column": 84
          },
          "end": {
            "line": 17,
            "column": 100
          }
        },
        "line": 17
      },
      "4": {
        "name": "AppRoutingModule_Factory",
        "decl": {
          "start": {
            "line": 29,
            "column": 33
          },
          "end": {
            "line": 29,
            "column": 57
          }
        },
        "loc": {
          "start": {
            "line": 29,
            "column": 61
          },
          "end": {
            "line": 29,
            "column": 102
          }
        },
        "line": 29
      },
      "5": {
        "name": "(anonymous_5)",
        "decl": {
          "start": {
            "line": 32,
            "column": 1
          },
          "end": {
            "line": 32,
            "column": 2
          }
        },
        "loc": {
          "start": {
            "line": 32,
            "column": 13
          },
          "end": {
            "line": 32,
            "column": 165
          }
        },
        "line": 32
      }
    },
    "branchMap": {
      "0": {
        "loc": {
          "start": {
            "line": 29,
            "column": 75
          },
          "end": {
            "line": 29,
            "column": 96
          }
        },
        "type": "binary-expr",
        "locations": [
          {
            "start": {
              "line": 29,
              "column": 75
            },
            "end": {
              "line": 29,
              "column": 76
            }
          },
          {
            "start": {
              "line": 29,
              "column": 80
            },
            "end": {
              "line": 29,
              "column": 96
            }
          }
        ],
        "line": 29
      },
      "1": {
        "loc": {
          "start": {
            "line": 32,
            "column": 15
          },
          "end": {
            "line": 32,
            "column": 162
          }
        },
        "type": "binary-expr",
        "locations": [
          {
            "start": {
              "line": 32,
              "column": 16
            },
            "end": {
              "line": 32,
              "column": 48
            }
          },
          {
            "start": {
              "line": 32,
              "column": 52
            },
            "end": {
              "line": 32,
              "column": 61
            }
          },
          {
            "start": {
              "line": 32,
              "column": 66
            },
            "end": {
              "line": 32,
              "column": 162
            }
          }
        ],
        "line": 32
      }
    },
    "s": {
      "0": 26,
      "1": 26,
      "2": 26,
      "3": 23,
      "4": 23,
      "5": 26,
      "6": 26,
      "7": 26,
      "8": 26,
      "9": 26,
      "10": 26
    },
    "f": {
      "0": 26,
      "1": 26,
      "2": 23,
      "3": 23,
      "4": 26,
      "5": 26
    },
    "b": {
      "0": [
        26,
        26
      ],
      "1": [
        26,
        0,
        26
      ]
    },
    "inputSourceMap": {
      "version": 3,
      "file": "app-routing.module.js",
      "sourceRoot": "",
      "sources": [
        "/home/stef/info/[DEVS]/5---Testez-une-application-full-stack/front/src/app/app-routing.module.ts"
      ],
      "names": [],
      "mappings": "AACA,OAAO,EAAE,YAAY,EAAU,MAAM,iBAAiB,CAAC;AACvD,OAAO,EAAE,WAAW,EAAE,MAAM,8BAA8B,CAAC;AAC3D,OAAO,EAAE,iBAAiB,EAAE,MAAM,4CAA4C,CAAC;AAC/E,OAAO,EAAE,SAAS,EAAE,MAAM,qBAAqB,CAAC;AAChD,OAAO,EAAE,WAAW,EAAE,MAAM,uBAAuB,CAAC;;;AAEpD,MAAM,MAAM,GAAW;IACrB;QACE,IAAI,EAAE,EAAE;QACR,WAAW,EAAE,CAAC,WAAW,CAAC;QAC1B,YAAY,EAAE,GAAG,EAAE,CAAC,MAAM,CAAC,6BAA6B,CAAC,CAAC,IAAI,CAAC,CAAC,CAAC,EAAE,CAAC,CAAC,CAAC,UAAU,CAAC;KAClF;IACD;QACE,IAAI,EAAE,UAAU;QAChB,WAAW,EAAE,CAAC,SAAS,CAAC;QACxB,YAAY,EAAE,GAAG,EAAE,CAAC,MAAM,CAAC,qCAAqC,CAAC,CAAC,IAAI,CAAC,CAAC,CAAC,EAAE,CAAC,CAAC,CAAC,cAAc,CAAC;KAC9F;IACD;QACE,IAAI,EAAE,IAAI;QACV,WAAW,EAAE,CAAC,SAAS,CAAC;QACxB,SAAS,EAAE,WAAW;KACvB;IACD,EAAE,IAAI,EAAE,KAAK,EAAE,SAAS,EAAE,iBAAiB,EAAE;IAC7C,EAAE,IAAI,EAAE,IAAI,EAAE,UAAU,EAAE,KAAK,EAAE;CAClC,CAAC;AAMF,MAAM,OAAO,gBAAgB;;gFAAhB,gBAAgB;kEAAhB,gBAAgB;sEAHjB,YAAY,CAAC,OAAO,CAAC,MAAM,CAAC,EAC5B,YAAY;wFAEX,gBAAgB,0CAFjB,YAAY",
      "sourcesContent": [
        "import { NgModule } from '@angular/core';\nimport { RouterModule, Routes } from '@angular/router';\nimport { MeComponent } from './components/me/me.component';\nimport { NotFoundComponent } from './components/not-found/not-found.component';\nimport { AuthGuard } from './guards/auth.guard';\nimport { UnauthGuard } from './guards/unauth.guard';\n\nconst routes: Routes = [\n  {\n    path: '',\n    canActivate: [UnauthGuard],\n    loadChildren: () => import('./features/auth/auth.module').then(m => m.AuthModule)\n  },\n  {\n    path: 'sessions',\n    canActivate: [AuthGuard],\n    loadChildren: () => import('./features/sessions/sessions.module').then(m => m.SessionsModule)\n  },\n  {\n    path: 'me',\n    canActivate: [AuthGuard],\n    component: MeComponent\n  },\n  { path: '404', component: NotFoundComponent },\n  { path: '**', redirectTo: '404' }\n];\n\n@NgModule({\n  imports: [RouterModule.forRoot(routes)],\n  exports: [RouterModule]\n})\nexport class AppRoutingModule {\n}\n"
      ]
    },
    "_coverageSchema": "1a1c01bbd47fc00a2c39e90264f33305004495a9",
    "hash": "16f92dd237ae8f61dbd71b562a15db59b84eadb1"
  },
  "/home/stef/info/[DEVS]/5---Testez-une-application-full-stack/front/src/app/features/auth/services/auth.service.ts": {
    "path": "/home/stef/info/[DEVS]/5---Testez-une-application-full-stack/front/src/app/features/auth/services/auth.service.ts",
    "statementMap": {
      "0": {
        "start": {
          "line": 5,
          "column": 8
        },
        "end": {
          "line": 5,
          "column": 37
        }
      },
      "1": {
        "start": {
          "line": 6,
          "column": 8
        },
        "end": {
          "line": 6,
          "column": 60
        }
      },
      "2": {
        "start": {
          "line": 9,
          "column": 8
        },
        "end": {
          "line": 9,
          "column": 85
        }
      },
      "3": {
        "start": {
          "line": 12,
          "column": 8
        },
        "end": {
          "line": 12,
          "column": 79
        }
      },
      "4": {
        "start": {
          "line": 15,
          "column": 0
        },
        "end": {
          "line": 15,
          "column": 114
        }
      },
      "5": {
        "start": {
          "line": 15,
          "column": 53
        },
        "end": {
          "line": 15,
          "column": 111
        }
      },
      "6": {
        "start": {
          "line": 16,
          "column": 0
        },
        "end": {
          "line": 16,
          "column": 127
        }
      }
    },
    "fnMap": {
      "0": {
        "name": "(anonymous_0)",
        "decl": {
          "start": {
            "line": 4,
            "column": 4
          },
          "end": {
            "line": 4,
            "column": 5
          }
        },
        "loc": {
          "start": {
            "line": 4,
            "column": 28
          },
          "end": {
            "line": 7,
            "column": 5
          }
        },
        "line": 4
      },
      "1": {
        "name": "(anonymous_1)",
        "decl": {
          "start": {
            "line": 8,
            "column": 4
          },
          "end": {
            "line": 8,
            "column": 5
          }
        },
        "loc": {
          "start": {
            "line": 8,
            "column": 30
          },
          "end": {
            "line": 10,
            "column": 5
          }
        },
        "line": 8
      },
      "2": {
        "name": "(anonymous_2)",
        "decl": {
          "start": {
            "line": 11,
            "column": 4
          },
          "end": {
            "line": 11,
            "column": 5
          }
        },
        "loc": {
          "start": {
            "line": 11,
            "column": 24
          },
          "end": {
            "line": 13,
            "column": 5
          }
        },
        "line": 11
      },
      "3": {
        "name": "AuthService_Factory",
        "decl": {
          "start": {
            "line": 15,
            "column": 28
          },
          "end": {
            "line": 15,
            "column": 47
          }
        },
        "loc": {
          "start": {
            "line": 15,
            "column": 51
          },
          "end": {
            "line": 15,
            "column": 113
          }
        },
        "line": 15
      }
    },
    "branchMap": {
      "0": {
        "loc": {
          "start": {
            "line": 15,
            "column": 65
          },
          "end": {
            "line": 15,
            "column": 81
          }
        },
        "type": "binary-expr",
        "locations": [
          {
            "start": {
              "line": 15,
              "column": 65
            },
            "end": {
              "line": 15,
              "column": 66
            }
          },
          {
            "start": {
              "line": 15,
              "column": 70
            },
            "end": {
              "line": 15,
              "column": 81
            }
          }
        ],
        "line": 15
      }
    },
    "s": {
      "0": 26,
      "1": 26,
      "2": 3,
      "3": 20,
      "4": 26,
      "5": 26,
      "6": 26
    },
    "f": {
      "0": 26,
      "1": 3,
      "2": 20,
      "3": 26
    },
    "b": {
      "0": [
        26,
        26
      ]
    },
    "inputSourceMap": {
      "version": 3,
      "file": "auth.service.js",
      "sourceRoot": "",
      "sources": [
        "/home/stef/info/[DEVS]/5---Testez-une-application-full-stack/front/src/app/features/auth/services/auth.service.ts"
      ],
      "names": [],
      "mappings": ";;AAUA,MAAM,OAAO,WAAW;IAItB,YAAoB,UAAsB;QAAtB,eAAU,GAAV,UAAU,CAAY;QAFlC,gBAAW,GAAG,gCAAgC,CAAC;IAET,CAAC;IAExC,QAAQ,CAAC,eAAgC;QAC9C,OAAO,IAAI,CAAC,UAAU,CAAC,IAAI,CAAO,GAAG,IAAI,CAAC,WAAW,WAAW,EAAE,eAAe,CAAC,CAAC;IACrF,CAAC;IAEM,KAAK,CAAC,YAA0B;QACrC,OAAO,IAAI,CAAC,UAAU,CAAC,IAAI,CAAqB,GAAG,IAAI,CAAC,WAAW,QAAQ,EAAE,YAAY,CAAC,CAAC;IAC7F,CAAC;;sEAZU,WAAW;iEAAX,WAAW,WAAX,WAAW,mBAFV,MAAM",
      "sourcesContent": [
        "import { HttpClient } from '@angular/common/http';\nimport { Injectable } from '@angular/core';\nimport { Observable } from 'rxjs';\nimport { LoginRequest } from '../interfaces/loginRequest.interface';\nimport { RegisterRequest } from '../interfaces/registerRequest.interface';\nimport { SessionInformation } from 'src/app/interfaces/sessionInformation.interface';\n\n@Injectable({\n  providedIn: 'root'\n})\nexport class AuthService {\n\n  private pathService = 'http://localhost:8080/api/auth';\n\n  constructor(private httpClient: HttpClient) { }\n\n  public register(registerRequest: RegisterRequest): Observable<void> {\n    return this.httpClient.post<void>(`${this.pathService}/register`, registerRequest);\n  }\n\n  public login(loginRequest: LoginRequest): Observable<SessionInformation> {\n    return this.httpClient.post<SessionInformation>(`${this.pathService}/login`, loginRequest);\n  }\n}\n"
      ]
    },
    "_coverageSchema": "1a1c01bbd47fc00a2c39e90264f33305004495a9",
    "hash": "8b6022a3ef6d07d8f5da4b8c09bd68f02b43859e"
  },
  "/home/stef/info/[DEVS]/5---Testez-une-application-full-stack/front/src/app/app.component.ts": {
    "path": "/home/stef/info/[DEVS]/5---Testez-une-application-full-stack/front/src/app/app.component.ts",
    "statementMap": {
      "0": {
        "start": {
          "line": 10,
          "column": 2
        },
        "end": {
          "line": 27,
          "column": 3
        }
      },
      "1": {
        "start": {
          "line": 11,
          "column": 16
        },
        "end": {
          "line": 11,
          "column": 37
        }
      },
      "2": {
        "start": {
          "line": 13,
          "column": 4
        },
        "end": {
          "line": 13,
[...]
      "sourcesContent": [
        "import { Component, OnInit } from '@angular/core';\nimport { FormBuilder } from '@angular/forms';\nimport { MatSnackBar } from '@angular/material/snack-bar';\nimport { ActivatedRoute, Router } from '@angular/router';\nimport { Teacher } from '../../../../interfaces/teacher.interface';\nimport { SessionService } from '../../../../services/session.service';\nimport { TeacherService } from '../../../../services/teacher.service';\nimport { Session } from '../../interfaces/session.interface';\nimport { SessionApiService } from '../../services/session-api.service';\n\n@Component({\n  selector: 'app-detail',\n  templateUrl: './detail.component.html',\n  styleUrls: ['./detail.component.scss']\n})\nexport class DetailComponent implements OnInit {\n  public session: Session | undefined;\n  public teacher: Teacher | undefined;\n\n  public isParticipate = false;\n  public isAdmin = false;\n\n  public sessionId: string;\n  public userId: string;\n\n  constructor(\n    private route: ActivatedRoute,\n    private fb: FormBuilder,\n    private sessionService: SessionService,\n    private sessionApiService: SessionApiService,\n    private teacherService: TeacherService,\n    private matSnackBar: MatSnackBar,\n    private router: Router) {\n    this.sessionId = this.route.snapshot.paramMap.get('id')!;\n    this.isAdmin = this.sessionService.sessionInformation!.admin;\n    this.userId = this.sessionService.sessionInformation!.id.toString();\n  }\n\n  public ngOnInit(): void {\n    this.fetchSession();\n  }\n\n  public back() {\n    window.history.back();\n  }\n\n  public delete(): void {\n    this.sessionApiService\n      .delete(this.sessionId)\n      .subscribe((_: any) => {\n          this.matSnackBar.open('Session deleted !', 'Close', { duration: 3000 });\n          this.router.navigate(['sessions']);\n        }\n      );\n  }\n\n  public participate(): void {\n    this.sessionApiService.participate(this.sessionId, this.userId).subscribe(_ => this.fetchSession());\n  }\n\n  public unParticipate(): void {\n    this.sessionApiService.unParticipate(this.sessionId, this.userId).subscribe(_ => this.fetchSession());\n  }\n\n  private fetchSession(): void {\n    this.sessionApiService\n      .detail(this.sessionId)\n      .subscribe((session: Session) => {\n        this.session = session;\n        this.isParticipate = session.users.some(u => u === this.sessionService.sessionInformation!.id);\n        this.teacherService\n          .detail(session.teacher_id.toString())\n          .subscribe((teacher: Teacher) => this.teacher = teacher);\n      });\n  }\n\n}\n",
        "<div class=\"m3\">\n  <mat-card *ngIf=\"session\">\n    <mat-card-title>\n      <div fxLayout=\"row\" fxLayoutAlign=\"space-between center\">\n        <div fxLayout=\"row\" fxLayoutAlign=\"start center\">\n          <button mat-icon-button (click)=\"back()\">\n            <mat-icon>arrow_back</mat-icon>\n          </button>\n          <h1>{{session.name | titlecase}}</h1>\n        </div>\n        <div>\n          <button *ngIf=\"isAdmin\" mat-raised-button color=\"warn\" (click)=\"delete()\">\n            <mat-icon>delete</mat-icon>\n            <span class=\"ml1\">Delete</span>\n          </button>\n          <div *ngIf=\"!isAdmin\">\n            <button *ngIf=\"!isParticipate\" mat-raised-button color=\"primary\" (click)=\"participate()\">\n              <mat-icon>person_add</mat-icon>\n              <span class=\"ml1\">Participate</span>\n            </button>\n            <button *ngIf=\"isParticipate\" mat-raised-button color=\"warn\" (click)=\"unParticipate()\">\n              <mat-icon>person_remove</mat-icon>\n              <span class=\"ml1\">Do not participate</span>\n            </button>\n\n          </div>\n\n\n        </div>\n      </div>\n    </mat-card-title>\n    <mat-card-subtitle *ngIf=\"teacher\">\n      <div fxLayoutAlign=\"start center\" class=\"ml3\">\n        <mat-icon>\n          people\n        </mat-icon>\n        <span class=\"ml1\">{{ teacher.firstName }} {{ teacher.lastName | uppercase }}</span>\n      </div>\n    </mat-card-subtitle>\n    <div mat-card-image fxLayoutAlign=\"center center\">\n      <img class=\"picture\" src=\"assets/sessions.png\" alt=\"Yoga session\">\n    </div>\n    <mat-card-content>\n      <div class=\"my2\" fxLayout=\"row\" fxLayoutAlign=\"space-between center\">\n        <div fxLayoutAlign=\"start center\">\n          <mat-icon>\n            group\n          </mat-icon>\n          <span class=\"ml1\">{{ session.users.length }} attendees</span>\n        </div>\n        <div fxLayoutAlign=\"start center\">\n          <mat-icon>\n            calendar_month\n          </mat-icon>\n          <span class=\"ml1\">{{ session.date | date: 'longDate'}}</span>\n        </div>\n      </div>\n      <div class=\"description\">\n        <p>Description:</p>\n        {{ session.description }}\n        <br>\n      </div>\n      <div class=\"date\" class=\"my2\" fxLayout=\"row\" fxLayoutAlign=\"space-between center\">\n        <div class=\"created\"><i>Create at: </i> {{ session.createdAt| date: 'longDate'}}</div>\n        <div class=\"updated\"><i>Last update: </i> {{ session.updatedAt| date: 'longDate'}}</div>\n      </div>\n    </mat-card-content>\n  </mat-card>\n</div>\n"
      ]
    },
    "_coverageSchema": "1a1c01bbd47fc00a2c39e90264f33305004495a9",
    "hash": "5ffca5279c43a21d1dcfab80807d20be230b980e"
  },
  "/home/stef/info/[DEVS]/5---Testez-une-application-full-stack/front/src/app/features/sessions/sessions-routing.module.ts": {
    "path": "/home/stef/info/[DEVS]/5---Testez-une-application-full-stack/front/src/app/features/sessions/sessions-routing.module.ts",
    "statementMap": {
      "0": {
        "start": {
          "line": 7,
          "column": 15
        },
        "end": {
          "line": 12,
          "column": 1
        }
      },
      "1": {
        "start": {
          "line": 15,
          "column": 0
        },
        "end": {
          "line": 15,
          "column": 118
        }
      },
      "2": {
        "start": {
          "line": 15,
          "column": 73
        },
        "end": {
          "line": 15,
          "column": 115
        }
      },
      "3": {
        "start": {
          "line": 16,
          "column": 0
        },
        "end": {
          "line": 16,
          "column": 96
        }
      },
      "4": {
        "start": {
          "line": 17,
          "column": 0
        },
        "end": {
          "line": 17,
          "column": 123
        }
      },
      "5": {
        "start": {
          "line": 18,
          "column": 0
        },
        "end": {
          "line": 18,
          "column": 174
        }
      },
      "6": {
        "start": {
          "line": 18,
          "column": 15
        },
        "end": {
          "line": 18,
          "column": 168
        }
      }
    },
    "fnMap": {
      "0": {
        "name": "SessionsRoutingModule_Factory",
        "decl": {
          "start": {
            "line": 15,
            "column": 38
          },
          "end": {
            "line": 15,
            "column": 67
          }
        },
        "loc": {
          "start": {
            "line": 15,
            "column": 71
          },
          "end": {
            "line": 15,
            "column": 117
          }
        },
        "line": 15
      },
      "1": {
        "name": "(anonymous_1)",
        "decl": {
          "start": {
            "line": 18,
            "column": 1
          },
          "end": {
            "line": 18,
            "column": 2
          }
        },
        "loc": {
          "start": {
            "line": 18,
            "column": 13
          },
          "end": {
            "line": 18,
            "column": 170
          }
        },
        "line": 18
      }
    },
    "branchMap": {
      "0": {
        "loc": {
          "start": {
            "line": 15,
            "column": 85
          },
          "end": {
            "line": 15,
            "column": 111
          }
        },
        "type": "binary-expr",
        "locations": [
          {
            "start": {
              "line": 15,
              "column": 85
            },
            "end": {
              "line": 15,
              "column": 86
            }
          },
          {
            "start": {
              "line": 15,
              "column": 90
            },
            "end": {
              "line": 15,
              "column": 111
            }
          }
        ],
        "line": 15
      },
      "1": {
        "loc": {
          "start": {
            "line": 18,
            "column": 15
          },
          "end": {
            "line": 18,
            "column": 167
          }
        },
        "type": "binary-expr",
        "locations": [
          {
            "start": {
              "line": 18,
              "column": 16
            },
            "end": {
              "line": 18,
              "column": 48
            }
          },
          {
            "start": {
              "line": 18,
              "column": 52
            },
            "end": {
              "line": 18,
              "column": 61
            }
          },
          {
            "start": {
              "line": 18,
              "column": 66
            },
            "end": {
              "line": 18,
              "column": 167
            }
          }
        ],
        "line": 18
      }
    },
    "s": {
      "0": 19,
      "1": 19,
      "2": 16,
      "3": 19,
      "4": 19,
      "5": 19,
      "6": 19
    },
    "f": {
      "0": 16,
      "1": 19
    },
    "b": {
      "0": [
        16,
        16
      ],
      "1": [
        19,
        0,
        19
      ]
    },
    "inputSourceMap": {
      "version": 3,
      "file": "sessions-routing.module.js",
      "sourceRoot": "",
      "sources": [
        "/home/stef/info/[DEVS]/5---Testez-une-application-full-stack/front/src/app/features/sessions/sessions-routing.module.ts"
      ],
      "names": [],
      "mappings": "AACA,OAAO,EAAE,YAAY,EAAU,MAAM,iBAAiB,CAAC;AACvD,OAAO,EAAE,eAAe,EAAE,MAAM,sCAAsC,CAAC;AACvE,OAAO,EAAE,aAAa,EAAE,MAAM,kCAAkC,CAAC;AACjE,OAAO,EAAE,aAAa,EAAE,MAAM,kCAAkC,CAAC;;;AAEjE,MAAM,MAAM,GAAW;IACrB,EAAE,IAAI,EAAE,EAAE,EAAE,KAAK,EAAE,UAAU,EAAE,SAAS,EAAE,aAAa,EAAE;IACzD,EAAE,IAAI,EAAE,YAAY,EAAE,KAAK,EAAE,mBAAmB,EAAE,SAAS,EAAE,eAAe,EAAE;IAC9E,EAAE,IAAI,EAAE,QAAQ,EAAE,KAAK,EAAE,mBAAmB,EAAE,SAAS,EAAE,aAAa,EAAE;IACxE,EAAE,IAAI,EAAE,YAAY,EAAE,KAAK,EAAE,mBAAmB,EAAE,SAAS,EAAE,aAAa,EAAE;CAC7E,CAAC;AAMF,MAAM,OAAO,qBAAqB;;0FAArB,qBAAqB;uEAArB,qBAAqB;2EAHtB,YAAY,CAAC,QAAQ,CAAC,MAAM,CAAC,EAC7B,YAAY;wFAEX,qBAAqB,0CAFtB,YAAY",
      "sourcesContent": [
        "import { NgModule } from '@angular/core';\nimport { RouterModule, Routes } from '@angular/router';\nimport { DetailComponent } from './components/detail/detail.component';\nimport { FormComponent } from './components/form/form.component';\nimport { ListComponent } from './components/list/list.component';\n\nconst routes: Routes = [\n  { path: '', title: 'Sessions', component: ListComponent },\n  { path: 'detail/:id', title: 'Sessions - detail', component: DetailComponent },\n  { path: 'create', title: 'Sessions - create', component: FormComponent },\n  { path: 'update/:id', title: 'Sessions - update', component: FormComponent }\n];\n\n@NgModule({\n  imports: [RouterModule.forChild(routes)],\n  exports: [RouterModule]\n})\nexport class SessionsRoutingModule {\n}\n"
      ]
    },
    "_coverageSchema": "1a1c01bbd47fc00a2c39e90264f33305004495a9",
    "hash": "37bf0f61dc403e8f10d35178f1fafd3b5d4bf4c4"
  },
  "/home/stef/info/[DEVS]/5---Testez-une-application-full-stack/front/src/app/features/sessions/sessions.module.ts": {
    "path": "/home/stef/info/[DEVS]/5---Testez-une-application-full-stack/front/src/app/features/sessions/sessions.module.ts",
    "statementMap": {
      "0": {
        "start": {
          "line": 17,
          "column": 0
        },
        "end": {
          "line": 17,
          "column": 29
        }
      },
      "1": {
        "start": {
          "line": 18,
          "column": 24
        },
        "end": {
          "line": 26,
          "column": 1
        }
      },
      "2": {
        "start": {
          "line": 29,
          "column": 0
        },
        "end": {
          "line": 29,
          "column": 97
        }
      },
      "3": {
        "start": {
          "line": 29,
          "column": 59
        },
        "end": {
          "line": 29,
          "column": 94
        }
      },
      "4": {
        "start": {
          "line": 30,
          "column": 0
        },
        "end": {
          "line": 30,
          "column": 82
        }
      },
      "5": {
        "start": {
          "line": 31,
          "column": 0
        },
        "end": {
          "line": 34,
          "column": 51
        }
      },
      "6": {
        "start": {
          "line": 35,
          "column": 0
        },
        "end": {
          "line": 46,
          "column": 34
        }
      },
      "7": {
        "start": {
          "line": 35,
          "column": 15
        },
        "end": {
          "line": 46,
          "column": 28
        }
      }
    },
    "fnMap": {
      "0": {
        "name": "SessionsModule_Factory",
        "decl": {
          "start": {
            "line": 29,
            "column": 31
          },
          "end": {
            "line": 29,
            "column": 53
          }
        },
        "loc": {
          "start": {
            "line": 29,
            "column": 57
          },
          "end": {
            "line": 29,
            "column": 96
          }
        },
        "line": 29
      },
      "1": {
        "name": "(anonymous_1)",
        "decl": {
          "start": {
            "line": 35,
            "column": 1
          },
          "end": {
            "line": 35,
            "column": 2
          }
        },
        "loc": {
          "start": {
            "line": 35,
            "column": 13
          },
          "end": {
            "line": 46,
            "column": 30
          }
        },
        "line": 35
      }
    },
    "branchMap": {
      "0": {
        "loc": {
          "start": {
            "line": 29,
            "column": 71
          },
          "end": {
            "line": 29,
            "column": 90
          }
        },
        "type": "binary-expr",
        "locations": [
          {
            "start": {
              "line": 29,
              "column": 71
            },
            "end": {
              "line": 29,
              "column": 72
            }
          },
          {
            "start": {
              "line": 29,
              "column": 76
            },
            "end": {
              "line": 29,
              "column": 90
            }
          }
        ],
        "line": 29
      },
      "1": {
        "loc": {
          "start": {
            "line": 35,
            "column": 15
          },
          "end": {
            "line": 46,
            "column": 27
          }
        },
        "type": "binary-expr",
        "locations": [
          {
            "start": {
              "line": 35,
              "column": 16
            },
            "end": {
              "line": 35,
              "column": 48
            }
          },
          {
            "start": {
              "line": 35,
              "column": 52
            },
            "end": {
              "line": 35,
              "column": 61
            }
          },
          {
            "start": {
              "line": 35,
              "column": 66
            },
            "end": {
              "line": 46,
              "column": 27
            }
          }
        ],
        "line": 35
      }
    },
    "s": {
      "0": 19,
      "1": 19,
      "2": 19,
      "3": 16,
      "4": 19,
      "5": 19,
      "6": 19,
      "7": 19
    },
    "f": {
      "0": 16,
      "1": 19
    },
    "b": {
      "0": [
        16,
        16
      ],
      "1": [
        19,
        0,
        19
      ]
    },
    "inputSourceMap": {
      "version": 3,
      "file": "sessions.module.js",
      "sourceRoot": "",
      "sources": [
        "/home/stef/info/[DEVS]/5---Testez-une-application-full-stack/front/src/app/features/sessions/sessions.module.ts"
      ],
      "names": [],
      "mappings": "AACA,OAAO,EAAE,YAAY,EAAE,kBAAkB,EAAE,MAAM,iBAAiB,CAAC;AACnE,OAAO,EAAE,gBAAgB,EAAE,MAAM,sBAAsB,CAAC;AACxD,OAAO,EAAE,mBAAmB,EAAE,MAAM,gBAAgB,CAAC;AACrD,OAAO,EAAE,eAAe,EAAE,MAAM,0BAA0B,CAAC;AAC3D,OAAO,EAAE,aAAa,EAAE,MAAM,wBAAwB,CAAC;AACvD,OAAO,EAAE,kBAAkB,EAAE,MAAM,8BAA8B,CAAC;AAClE,OAAO,EAAE,aAAa,EAAE,MAAM,wBAAwB,CAAC;AACvD,OAAO,EAAE,cAAc,EAAE,MAAM,yBAAyB,CAAC;AACzD,OAAO,EAAE,eAAe,EAAE,MAAM,0BAA0B,CAAC;AAC3D,OAAO,EAAE,iBAAiB,EAAE,MAAM,6BAA6B,CAAC;AAChE,OAAO,EAAE,aAAa,EAAE,MAAM,kCAAkC,CAAC;AACjE,OAAO,EAAE,aAAa,EAAE,MAAM,kCAAkC,CAAC;AACjE,OAAO,EAAE,eAAe,EAAE,MAAM,sCAAsC,CAAC;AACvE,OAAO,EAAE,qBAAqB,EAAE,MAAM,2BAA2B,CAAC;AAClE,OAAO,QAAQ,MAAM,4BAA4B,CAAC;;AAClD,kBAAkB,CAAC,QAAQ,CAAC,CAAC;AAE7B,MAAM,eAAe,GAAG;IACtB,eAAe;IACf,aAAa;IACb,kBAAkB;IAClB,aAAa;IACb,cAAc;IACd,iBAAiB;IACjB,eAAe;CAChB,CAAC;AAgBF,MAAM,OAAO,cAAc;;4EAAd,cAAc;gEAAd,cAAc;oEAPvB,YAAY;QACZ,gBAAgB;QAChB,mBAAmB;QACnB,qBAAqB,EAClB,eAAe;wFAGT,cAAc,mBAZvB,aAAa;QACb,aAAa;QACb,eAAe,aAGf,YAAY;QACZ,gBAAgB;QAChB,mBAAmB;QACnB,qBAAqB,EAnBvB,eAAe;QACf,aAAa;QACb,kBAAkB;QAClB,aAAa;QACb,cAAc;QACd,iBAAiB;QACjB,eAAe",
      "sourcesContent": [
        "import { NgModule } from '@angular/core';\nimport { CommonModule, registerLocaleData } from '@angular/common';\nimport { FlexLayoutModule } from '@angular/flex-layout';\nimport { ReactiveFormsModule } from '@angular/forms';\nimport { MatButtonModule } from '@angular/material/button';\nimport { MatCardModule } from '@angular/material/card';\nimport { MatFormFieldModule } from '@angular/material/form-field';\nimport { MatIconModule } from '@angular/material/icon';\nimport { MatInputModule } from '@angular/material/input';\nimport { MatSelectModule } from '@angular/material/select';\nimport { MatSnackBarModule } from '@angular/material/snack-bar';\nimport { ListComponent } from './components/list/list.component';\nimport { FormComponent } from './components/form/form.component';\nimport { DetailComponent } from './components/detail/detail.component';\nimport { SessionsRoutingModule } from './sessions-routing.module';\nimport localeFr from '@angular/common/locales/fr';\nregisterLocaleData(localeFr);\n\nconst materialModules = [\n  MatButtonModule,\n  MatCardModule,\n  MatFormFieldModule,\n  MatIconModule,\n  MatInputModule,\n  MatSnackBarModule,\n  MatSelectModule\n];\n\n@NgModule({\n  declarations: [\n    ListComponent,\n    FormComponent,\n    DetailComponent\n  ],\n  imports: [\n    CommonModule,\n    FlexLayoutModule,\n    ReactiveFormsModule,\n    SessionsRoutingModule,\n    ...materialModules\n  ]\n})\nexport class SessionsModule { }\n"
      ]
    },
    "_coverageSchema": "1a1c01bbd47fc00a2c39e90264f33305004495a9",
    "hash": "fa2991fc1b79e867f44d7b8021f09c49545a11f3"
  }
}